Sandbox logs:
{
  "sandboxLog": "[ERROR] NameError: name 'Observation' is not defined\\n{\"errorMessage\":\"2025-04-07T12:22:51.739Z 5c60dc4c-376e-4261-aba0-378a3a8a3179 Task timed out after 1.06 seconds\"}",
  "lambdaLog": "[ERROR] NameError: name 'Observation' is not defined\\n{\"errorMessage\":\"2025-04-07T12:22:51.739Z 5c60dc4c-376e-4261-aba0-378a3a8a3179 Task timed out after 1.06 seconds\"}",
  "timestamp": 0
}
{
  "sandboxLog": "[ERROR] NameError: name 'Observation' is not defined\\n{\"errorMessage\":\"2025-04-07T12:22:53.037Z 6a4761db-0df8-4a8b-8aef-4528d9864508 Task timed out after 1.06 seconds\"}",
  "lambdaLog": "[ERROR] NameError: name 'Observation' is not defined\\n{\"errorMessage\":\"2025-04-07T12:22:53.037Z 6a4761db-0df8-4a8b-8aef-4528d9864508 Task timed out after 1.06 seconds\"}",
  "timestamp": 100
}
{
  "sandboxLog": "\\n{\"errorMessage\":\"2025-04-07T12:22:54.118Z fc872dbc-d60f-4421-9135-88cd53f11668 Task timed out after 1.04 seconds\"}",
  "lambdaLog": "\\n{\"errorMessage\":\"2025-04-07T12:22:54.118Z fc872dbc-d60f-4421-9135-88cd53f11668 Task timed out after 1.04 seconds\"}",
  "timestamp": 200
}
{
  "sandboxLog": "[ERROR] NameError: name 'Observation' is not defined\\n{\"errorMessage\":\"2025-04-07T12:22:55.398Z 800cf869-0e01-4b87-ba7b-b783ab294c1f Task timed out after 1.05 seconds\"}",
  "lambdaLog": "[ERROR] NameError: name 'Observation' is not defined\\n{\"errorMessage\":\"2025-04-07T12:22:55.398Z 800cf869-0e01-4b87-ba7b-b783ab294c1f Task timed out after 1.05 seconds\"}",
  "timestamp": 300
}
{
  "sandboxLog": "\\n{\"errorMessage\":\"2025-04-07T12:22:56.497Z 5a149c96-4a3e-4154-9492-21a61009fb66 Task timed out after 1.04 seconds\"}",
  "lambdaLog": "\\n{\"errorMessage\":\"2025-04-07T12:22:56.497Z 5a149c96-4a3e-4154-9492-21a61009fb66 Task timed out after 1.04 seconds\"}",
  "timestamp": 400
}
{
  "sandboxLog": "\\n{\"errorMessage\":\"2025-04-07T12:22:57.578Z a84fdc17-80db-4040-a955-3ea2b674700c Task timed out after 1.04 seconds\"}",
  "lambdaLog": "\\n{\"errorMessage\":\"2025-04-07T12:22:57.578Z a84fdc17-80db-4040-a955-3ea2b674700c Task timed out after 1.04 seconds\"}",
  "timestamp": 500
}
{
  "sandboxLog": "\\n{\"errorMessage\":\"2025-04-07T12:22:58.837Z c09bebf8-f497-4b24-ab1e-9485c21bc8db Task timed out after 1.22 seconds\"}",
  "lambdaLog": "\\n{\"errorMessage\":\"2025-04-07T12:22:58.837Z c09bebf8-f497-4b24-ab1e-9485c21bc8db Task timed out after 1.22 seconds\"}",
  "timestamp": 600
}
{
  "sandboxLog": "[ERROR] NameError: name 'Observation' is not defined\\n{\"errorMessage\":\"2025-04-07T12:23:00.097Z 7b277949-7562-4707-a36b-b6269fcdb721 Task timed out after 1.06 seconds\"}",
  "lambdaLog": "[ERROR] NameError: name 'Observation' is not defined\\n{\"errorMessage\":\"2025-04-07T12:23:00.097Z 7b277949-7562-4707-a36b-b6269fcdb721 Task timed out after 1.06 seconds\"}",
  "timestamp": 700
}
{
  "sandboxLog": "\\n{\"errorMessage\":\"2025-04-07T12:23:01.438Z d53bf410-7fa6-443f-9274-a954c22ede83 Task timed out after 1.29 seconds\"}",
  "lambdaLog": "\\n{\"errorMessage\":\"2025-04-07T12:23:01.438Z d53bf410-7fa6-443f-9274-a954c22ede83 Task timed out after 1.29 seconds\"}",
  "timestamp": 800
}
{
  "sandboxLog": "\\n{\"errorMessage\":\"2025-04-07T12:23:02.538Z 614a57e0-3c6f-4402-b815-00d6dce8fad8 Task timed out after 1.04 seconds\"}",
  "lambdaLog": "\\n{\"errorMessage\":\"2025-04-07T12:23:02.538Z 614a57e0-3c6f-4402-b815-00d6dce8fad8 Task timed out after 1.04 seconds\"}",
  "timestamp": 900
}
{
  "sandboxLog": "\\n{\"errorMessage\":\"2025-04-07T12:23:03.637Z 044e266a-b766-4f6e-9449-b6f59e80f85d Task timed out after 1.06 seconds\"}",
  "lambdaLog": "\\n{\"errorMessage\":\"2025-04-07T12:23:03.637Z 044e266a-b766-4f6e-9449-b6f59e80f85d Task timed out after 1.06 seconds\"}",
  "timestamp": 1000
}
{
  "sandboxLog": "\\n{\"errorMessage\":\"2025-04-07T12:23:04.779Z 21dac888-33fa-48ee-8c67-436a36c568a9 Task timed out after 1.10 seconds\"}",
  "lambdaLog": "\\n{\"errorMessage\":\"2025-04-07T12:23:04.779Z 21dac888-33fa-48ee-8c67-436a36c568a9 Task timed out after 1.10 seconds\"}",
  "timestamp": 1100
}
{
  "sandboxLog": "\\n{\"errorMessage\":\"2025-04-07T12:23:05.958Z f37e71d6-e32c-47e6-b62a-7268e5727955 Task timed out after 1.12 seconds\"}",
  "lambdaLog": "\\n{\"errorMessage\":\"2025-04-07T12:23:05.958Z f37e71d6-e32c-47e6-b62a-7268e5727955 Task timed out after 1.12 seconds\"}",
  "timestamp": 1200
}
{
  "sandboxLog": "\\n{\"errorMessage\":\"2025-04-07T12:23:07.077Z b6d22618-865f-45e3-9aeb-343d586bfa9d Task timed out after 1.06 seconds\"}",
  "lambdaLog": "\\n{\"errorMessage\":\"2025-04-07T12:23:07.077Z b6d22618-865f-45e3-9aeb-343d586bfa9d Task timed out after 1.06 seconds\"}",
  "timestamp": 1300
}
{
  "sandboxLog": "[ERROR] NameError: name 'Observation' is not defined\\n{\"errorMessage\":\"2025-04-07T12:23:08.358Z bf9c490e-e532-418e-b9a7-34b6df3fd684 Task timed out after 1.05 seconds\"}",
  "lambdaLog": "[ERROR] NameError: name 'Observation' is not defined\\n{\"errorMessage\":\"2025-04-07T12:23:08.358Z bf9c490e-e532-418e-b9a7-34b6df3fd684 Task timed out after 1.05 seconds\"}",
  "timestamp": 1400
}
{
  "sandboxLog": "\\n{\"errorMessage\":\"2025-04-07T12:23:09.458Z e16b47fc-ac77-4c16-a156-5dd2908fe573 Task timed out after 1.04 seconds\"}",
  "lambdaLog": "\\n{\"errorMessage\":\"2025-04-07T12:23:09.458Z e16b47fc-ac77-4c16-a156-5dd2908fe573 Task timed out after 1.04 seconds\"}",
  "timestamp": 1500
}
{
  "sandboxLog": "\\n{\"errorMessage\":\"2025-04-07T12:23:10.598Z c4544b48-6c23-4d7c-b271-aae9e28c827f Task timed out after 1.07 seconds\"}",
  "lambdaLog": "\\n{\"errorMessage\":\"2025-04-07T12:23:10.598Z c4544b48-6c23-4d7c-b271-aae9e28c827f Task timed out after 1.07 seconds\"}",
  "timestamp": 1600
}
{
  "sandboxLog": "\\n{\"errorMessage\":\"2025-04-07T12:23:11.699Z 1ece495c-c939-41f6-9b28-9b2c4a699354 Task timed out after 1.06 seconds\"}",
  "lambdaLog": "\\n{\"errorMessage\":\"2025-04-07T12:23:11.699Z 1ece495c-c939-41f6-9b28-9b2c4a699354 Task timed out after 1.06 seconds\"}",
  "timestamp": 1700
}
{
  "sandboxLog": "\\n{\"errorMessage\":\"2025-04-07T12:23:12.858Z d1351f6b-c632-4ba3-bc04-ced92ea22bd5 Task timed out after 1.08 seconds\"}",
  "lambdaLog": "\\n{\"errorMessage\":\"2025-04-07T12:23:12.858Z d1351f6b-c632-4ba3-bc04-ced92ea22bd5 Task timed out after 1.08 seconds\"}",
  "timestamp": 1800
}
{
  "sandboxLog": "\\n{\"errorMessage\":\"2025-04-07T12:23:13.919Z 41829c91-5349-4804-990c-b989549a0436 Task timed out after 1.01 seconds\"}",
  "lambdaLog": "\\n{\"errorMessage\":\"2025-04-07T12:23:13.919Z 41829c91-5349-4804-990c-b989549a0436 Task timed out after 1.01 seconds\"}",
  "timestamp": 1900
}
{
  "sandboxLog": "\\n{\"errorMessage\":\"2025-04-07T12:23:15.059Z bb539f02-cf8a-417e-ab4d-4b9b2dedca50 Task timed out after 1.08 seconds\"}",
  "lambdaLog": "\\n{\"errorMessage\":\"2025-04-07T12:23:15.059Z bb539f02-cf8a-417e-ab4d-4b9b2dedca50 Task timed out after 1.08 seconds\"}",
  "timestamp": 2000
}
{
  "sandboxLog": "\\n{\"errorMessage\":\"2025-04-07T12:23:16.138Z 93d11485-7e22-401c-ab7a-da4c3d2acd08 Task timed out after 1.03 seconds\"}",
  "lambdaLog": "\\n{\"errorMessage\":\"2025-04-07T12:23:16.138Z 93d11485-7e22-401c-ab7a-da4c3d2acd08 Task timed out after 1.03 seconds\"}",
  "timestamp": 2100
}
{
  "sandboxLog": "\\n{\"errorMessage\":\"2025-04-07T12:23:17.277Z 5692d3c9-a561-450c-bbea-08401be74ada Task timed out after 1.08 seconds\"}",
  "lambdaLog": "\\n{\"errorMessage\":\"2025-04-07T12:23:17.277Z 5692d3c9-a561-450c-bbea-08401be74ada Task timed out after 1.08 seconds\"}",
  "timestamp": 2200
}
{
  "sandboxLog": "\\n{\"errorMessage\":\"2025-04-07T12:23:18.358Z e5c2c376-dc13-45d6-80e5-68ea8ed7a1e9 Task timed out after 1.05 seconds\"}",
  "lambdaLog": "\\n{\"errorMessage\":\"2025-04-07T12:23:18.358Z e5c2c376-dc13-45d6-80e5-68ea8ed7a1e9 Task timed out after 1.05 seconds\"}",
  "timestamp": 2300
}
{
  "sandboxLog": "\\n{\"errorMessage\":\"2025-04-07T12:23:19.457Z f25dcf34-0693-4d38-9fce-ad6a88cecadd Task timed out after 1.06 seconds\"}",
  "lambdaLog": "\\n{\"errorMessage\":\"2025-04-07T12:23:19.457Z f25dcf34-0693-4d38-9fce-ad6a88cecadd Task timed out after 1.06 seconds\"}",
  "timestamp": 2400
}
{
  "sandboxLog": "\\n{\"errorMessage\":\"2025-04-07T12:23:20.558Z ba62d3c4-cb24-48bb-8bd1-c48787813a8d Task timed out after 1.06 seconds\"}",
  "lambdaLog": "\\n{\"errorMessage\":\"2025-04-07T12:23:20.558Z ba62d3c4-cb24-48bb-8bd1-c48787813a8d Task timed out after 1.06 seconds\"}",
  "timestamp": 2500
}
{
  "sandboxLog": "\\n{\"errorMessage\":\"2025-04-07T12:23:21.738Z 935d9eda-79e5-46c3-9c92-c85e526c40a2 Task timed out after 1.13 seconds\"}",
  "lambdaLog": "\\n{\"errorMessage\":\"2025-04-07T12:23:21.738Z 935d9eda-79e5-46c3-9c92-c85e526c40a2 Task timed out after 1.13 seconds\"}",
  "timestamp": 2600
}
{
  "sandboxLog": "\\n{\"errorMessage\":\"2025-04-07T12:23:22.879Z 3358b1f8-0675-43b7-8d27-0f711ff58c7c Task timed out after 1.08 seconds\"}",
  "lambdaLog": "\\n{\"errorMessage\":\"2025-04-07T12:23:22.879Z 3358b1f8-0675-43b7-8d27-0f711ff58c7c Task timed out after 1.08 seconds\"}",
  "timestamp": 2700
}
{
  "sandboxLog": "\\n{\"errorMessage\":\"2025-04-07T12:23:24.038Z 5763f989-92bc-4f22-91f0-c7d6d0817396 Task timed out after 1.10 seconds\"}",
  "lambdaLog": "\\n{\"errorMessage\":\"2025-04-07T12:23:24.038Z 5763f989-92bc-4f22-91f0-c7d6d0817396 Task timed out after 1.10 seconds\"}",
  "timestamp": 2800
}
{
  "sandboxLog": "[ERROR] NameError: name 'Observation' is not defined\\n{\"errorMessage\":\"2025-04-07T12:23:25.318Z ee372a3f-68f5-488f-88d0-edbd8934dda3 Task timed out after 1.07 seconds\"}",
  "lambdaLog": "[ERROR] NameError: name 'Observation' is not defined\\n{\"errorMessage\":\"2025-04-07T12:23:25.318Z ee372a3f-68f5-488f-88d0-edbd8934dda3 Task timed out after 1.07 seconds\"}",
  "timestamp": 2900
}
{
  "sandboxLog": "\\n{\"errorMessage\":\"2025-04-07T12:23:26.518Z 565c79fb-19ec-43ce-8336-87f75363f4b4 Task timed out after 1.16 seconds\"}",
  "lambdaLog": "\\n{\"errorMessage\":\"2025-04-07T12:23:26.518Z 565c79fb-19ec-43ce-8336-87f75363f4b4 Task timed out after 1.16 seconds\"}",
  "timestamp": 3000
}
{
  "sandboxLog": "\\n{\"errorMessage\":\"2025-04-07T12:23:27.637Z 04ed790b-1966-4f9a-ba5c-165c8583fd2d Task timed out after 1.06 seconds\"}",
  "lambdaLog": "\\n{\"errorMessage\":\"2025-04-07T12:23:27.637Z 04ed790b-1966-4f9a-ba5c-165c8583fd2d Task timed out after 1.06 seconds\"}",
  "timestamp": 3100
}
{
  "sandboxLog": "\\n{\"errorMessage\":\"2025-04-07T12:23:28.718Z c3f68fb2-a988-41d3-b578-ad2fd4393af5 Task timed out after 1.04 seconds\"}",
  "lambdaLog": "\\n{\"errorMessage\":\"2025-04-07T12:23:28.718Z c3f68fb2-a988-41d3-b578-ad2fd4393af5 Task timed out after 1.04 seconds\"}",
  "timestamp": 3200
}
{
  "sandboxLog": "\\n{\"errorMessage\":\"2025-04-07T12:23:29.798Z 4400bd22-ecfd-4f72-9987-4f8c4bde4d9f Task timed out after 1.04 seconds\"}",
  "lambdaLog": "\\n{\"errorMessage\":\"2025-04-07T12:23:29.798Z 4400bd22-ecfd-4f72-9987-4f8c4bde4d9f Task timed out after 1.04 seconds\"}",
  "timestamp": 3300
}
{
  "sandboxLog": "\\n{\"errorMessage\":\"2025-04-07T12:23:30.897Z 59c315f3-b49f-4a11-a8ff-50138aacf310 Task timed out after 1.06 seconds\"}",
  "lambdaLog": "\\n{\"errorMessage\":\"2025-04-07T12:23:30.897Z 59c315f3-b49f-4a11-a8ff-50138aacf310 Task timed out after 1.06 seconds\"}",
  "timestamp": 3400
}
{
  "sandboxLog": "\\n{\"errorMessage\":\"2025-04-07T12:23:31.957Z 22f42a3e-21ed-43f9-8252-5815ed877a78 Task timed out after 1.02 seconds\"}",
  "lambdaLog": "\\n{\"errorMessage\":\"2025-04-07T12:23:31.957Z 22f42a3e-21ed-43f9-8252-5815ed877a78 Task timed out after 1.02 seconds\"}",
  "timestamp": 3500
}
{
  "sandboxLog": "\\n{\"errorMessage\":\"2025-04-07T12:23:33.018Z 36167660-8207-49b9-8f47-534c53cdade4 Task timed out after 1.02 seconds\"}",
  "lambdaLog": "\\n{\"errorMessage\":\"2025-04-07T12:23:33.018Z 36167660-8207-49b9-8f47-534c53cdade4 Task timed out after 1.02 seconds\"}",
  "timestamp": 3600
}
{
  "sandboxLog": "\\n{\"errorMessage\":\"2025-04-07T12:23:34.099Z 4d03f9eb-3222-4310-9bf7-b5cf3616744f Task timed out after 1.04 seconds\"}",
  "lambdaLog": "\\n{\"errorMessage\":\"2025-04-07T12:23:34.099Z 4d03f9eb-3222-4310-9bf7-b5cf3616744f Task timed out after 1.04 seconds\"}",
  "timestamp": 3700
}
{
  "sandboxLog": "\\n{\"errorMessage\":\"2025-04-07T12:23:35.277Z 1c0a9b3c-cfa8-4544-8f25-b2a603ed1e50 Task timed out after 1.12 seconds\"}",
  "lambdaLog": "\\n{\"errorMessage\":\"2025-04-07T12:23:35.277Z 1c0a9b3c-cfa8-4544-8f25-b2a603ed1e50 Task timed out after 1.12 seconds\"}",
  "timestamp": 3800
}
{
  "sandboxLog": "\\n{\"errorMessage\":\"2025-04-07T12:23:36.398Z 09e9bfac-b503-4d0b-9ef9-909e161498ba Task timed out after 1.08 seconds\"}",
  "lambdaLog": "\\n{\"errorMessage\":\"2025-04-07T12:23:36.398Z 09e9bfac-b503-4d0b-9ef9-909e161498ba Task timed out after 1.08 seconds\"}",
  "timestamp": 3900
}
{
  "sandboxLog": "\\n{\"errorMessage\":\"2025-04-07T12:23:37.498Z f9dbcdf9-be6b-4905-adde-bac1a1c978a3 Task timed out after 1.07 seconds\"}",
  "lambdaLog": "\\n{\"errorMessage\":\"2025-04-07T12:23:37.498Z f9dbcdf9-be6b-4905-adde-bac1a1c978a3 Task timed out after 1.07 seconds\"}",
  "timestamp": 4000
}
{
  "sandboxLog": "\\n{\"errorMessage\":\"2025-04-07T12:23:38.597Z 28a1cfd8-2ada-4455-9503-a13fcfdbc993 Task timed out after 1.06 seconds\"}",
  "lambdaLog": "\\n{\"errorMessage\":\"2025-04-07T12:23:38.597Z 28a1cfd8-2ada-4455-9503-a13fcfdbc993 Task timed out after 1.06 seconds\"}",
  "timestamp": 4100
}
{
  "sandboxLog": "\\n{\"errorMessage\":\"2025-04-07T12:23:40.337Z ee3904f4-c884-4429-ac80-6b1af6aa927f Task timed out after 1.70 seconds\"}",
  "lambdaLog": "\\n{\"errorMessage\":\"2025-04-07T12:23:40.337Z ee3904f4-c884-4429-ac80-6b1af6aa927f Task timed out after 1.70 seconds\"}",
  "timestamp": 4200
}
{
  "sandboxLog": "\\n{\"errorMessage\":\"2025-04-07T12:23:41.438Z aba42cbc-0e6c-45db-bd36-742ded51f632 Task timed out after 1.05 seconds\"}",
  "lambdaLog": "\\n{\"errorMessage\":\"2025-04-07T12:23:41.438Z aba42cbc-0e6c-45db-bd36-742ded51f632 Task timed out after 1.05 seconds\"}",
  "timestamp": 4300
}
{
  "sandboxLog": "\\n{\"errorMessage\":\"2025-04-07T12:23:42.558Z b6e37549-ce12-40e4-bdd7-010359d1aad3 Task timed out after 1.08 seconds\"}",
  "lambdaLog": "\\n{\"errorMessage\":\"2025-04-07T12:23:42.558Z b6e37549-ce12-40e4-bdd7-010359d1aad3 Task timed out after 1.08 seconds\"}",
  "timestamp": 4400
}
{
  "sandboxLog": "\\n{\"errorMessage\":\"2025-04-07T12:23:43.678Z a9a9a42a-fc2d-4ee7-8eba-799956dd27ad Task timed out after 1.07 seconds\"}",
  "lambdaLog": "\\n{\"errorMessage\":\"2025-04-07T12:23:43.678Z a9a9a42a-fc2d-4ee7-8eba-799956dd27ad Task timed out after 1.07 seconds\"}",
  "timestamp": 4500
}
{
  "sandboxLog": "\\n{\"errorMessage\":\"2025-04-07T12:23:44.798Z f1f87c6d-ad75-45f1-9f13-ade3abdae4e5 Task timed out after 1.08 seconds\"}",
  "lambdaLog": "\\n{\"errorMessage\":\"2025-04-07T12:23:44.798Z f1f87c6d-ad75-45f1-9f13-ade3abdae4e5 Task timed out after 1.08 seconds\"}",
  "timestamp": 4600
}
{
  "sandboxLog": "\\n{\"errorMessage\":\"2025-04-07T12:23:45.858Z dd5724b8-cb83-43ed-a4fd-2f740c744035 Task timed out after 1.02 seconds\"}",
  "lambdaLog": "\\n{\"errorMessage\":\"2025-04-07T12:23:45.858Z dd5724b8-cb83-43ed-a4fd-2f740c744035 Task timed out after 1.02 seconds\"}",
  "timestamp": 4700
}
{
  "sandboxLog": "\\n{\"errorMessage\":\"2025-04-07T12:23:46.977Z a0343322-2b2e-4811-8ad7-b54cf1250df9 Task timed out after 1.06 seconds\"}",
  "lambdaLog": "\\n{\"errorMessage\":\"2025-04-07T12:23:46.977Z a0343322-2b2e-4811-8ad7-b54cf1250df9 Task timed out after 1.06 seconds\"}",
  "timestamp": 4800
}
{
  "sandboxLog": "\\n{\"errorMessage\":\"2025-04-07T12:23:48.058Z 195968cf-4b36-4a6d-84df-25e5e7bd4682 Task timed out after 1.06 seconds\"}",
  "lambdaLog": "\\n{\"errorMessage\":\"2025-04-07T12:23:48.058Z 195968cf-4b36-4a6d-84df-25e5e7bd4682 Task timed out after 1.06 seconds\"}",
  "timestamp": 4900
}
{
  "sandboxLog": "\\n{\"errorMessage\":\"2025-04-07T12:23:49.178Z 74605837-1a66-4acd-8d3f-4d1a3347a9c9 Task timed out after 1.08 seconds\"}",
  "lambdaLog": "\\n{\"errorMessage\":\"2025-04-07T12:23:49.178Z 74605837-1a66-4acd-8d3f-4d1a3347a9c9 Task timed out after 1.08 seconds\"}",
  "timestamp": 5000
}
{
  "sandboxLog": "\\n{\"errorMessage\":\"2025-04-07T12:23:50.238Z d3e6284e-45e8-44bc-b59f-8c41afb73e14 Task timed out after 1.02 seconds\"}",
  "lambdaLog": "\\n{\"errorMessage\":\"2025-04-07T12:23:50.238Z d3e6284e-45e8-44bc-b59f-8c41afb73e14 Task timed out after 1.02 seconds\"}",
  "timestamp": 5100
}
{
  "sandboxLog": "\\n{\"errorMessage\":\"2025-04-07T12:23:51.299Z 6bfdfd7a-53e1-4f69-ad69-2d40a2a539b9 Task timed out after 1.02 seconds\"}",
  "lambdaLog": "\\n{\"errorMessage\":\"2025-04-07T12:23:51.299Z 6bfdfd7a-53e1-4f69-ad69-2d40a2a539b9 Task timed out after 1.02 seconds\"}",
  "timestamp": 5200
}
{
  "sandboxLog": "\\n{\"errorMessage\":\"2025-04-07T12:23:52.417Z 070eaadf-6190-426a-a93f-6fe0018c2037 Task timed out after 1.06 seconds\"}",
  "lambdaLog": "\\n{\"errorMessage\":\"2025-04-07T12:23:52.417Z 070eaadf-6190-426a-a93f-6fe0018c2037 Task timed out after 1.06 seconds\"}",
  "timestamp": 5300
}
{
  "sandboxLog": "\\n{\"errorMessage\":\"2025-04-07T12:23:53.598Z 3e6e1909-2559-4783-87ae-47c846e71324 Task timed out after 1.14 seconds\"}",
  "lambdaLog": "\\n{\"errorMessage\":\"2025-04-07T12:23:53.598Z 3e6e1909-2559-4783-87ae-47c846e71324 Task timed out after 1.14 seconds\"}",
  "timestamp": 5400
}
{
  "sandboxLog": "\\n{\"errorMessage\":\"2025-04-07T12:23:54.679Z c9d3b04f-dc64-42ee-ac3f-ae59cd5ad4cb Task timed out after 1.05 seconds\"}",
  "lambdaLog": "\\n{\"errorMessage\":\"2025-04-07T12:23:54.679Z c9d3b04f-dc64-42ee-ac3f-ae59cd5ad4cb Task timed out after 1.05 seconds\"}",
  "timestamp": 5500
}
{
  "sandboxLog": "\\n{\"errorMessage\":\"2025-04-07T12:23:55.817Z a141254a-0a7c-4900-a32f-9662822d95cf Task timed out after 1.08 seconds\"}",
  "lambdaLog": "\\n{\"errorMessage\":\"2025-04-07T12:23:55.817Z a141254a-0a7c-4900-a32f-9662822d95cf Task timed out after 1.08 seconds\"}",
  "timestamp": 5600
}
{
  "sandboxLog": "\\n{\"errorMessage\":\"2025-04-07T12:23:56.898Z ce3f7752-a4e4-4867-8a19-554f00c86fee Task timed out after 1.06 seconds\"}",
  "lambdaLog": "\\n{\"errorMessage\":\"2025-04-07T12:23:56.898Z ce3f7752-a4e4-4867-8a19-554f00c86fee Task timed out after 1.06 seconds\"}",
  "timestamp": 5700
}
{
  "sandboxLog": "[ERROR] NameError: name 'Observation' is not defined\\n{\"errorMessage\":\"2025-04-07T12:23:58.218Z cb4b1f20-90e9-437e-8a2f-4052b09b89dd Task timed out after 1.10 seconds\"}",
  "lambdaLog": "[ERROR] NameError: name 'Observation' is not defined\\n{\"errorMessage\":\"2025-04-07T12:23:58.218Z cb4b1f20-90e9-437e-8a2f-4052b09b89dd Task timed out after 1.10 seconds\"}",
  "timestamp": 5800
}
{
  "sandboxLog": "\\n{\"errorMessage\":\"2025-04-07T12:23:59.300Z 70e4be4f-42e1-4ee0-94bc-67238fc905cf Task timed out after 1.02 seconds\"}",
  "lambdaLog": "\\n{\"errorMessage\":\"2025-04-07T12:23:59.300Z 70e4be4f-42e1-4ee0-94bc-67238fc905cf Task timed out after 1.02 seconds\"}",
  "timestamp": 5900
}
{
  "sandboxLog": "\\n{\"errorMessage\":\"2025-04-07T12:24:00.437Z 98d50a23-f827-4f18-9bd2-582acabcd39e Task timed out after 1.09 seconds\"}",
  "lambdaLog": "\\n{\"errorMessage\":\"2025-04-07T12:24:00.437Z 98d50a23-f827-4f18-9bd2-582acabcd39e Task timed out after 1.09 seconds\"}",
  "timestamp": 6000
}
{
  "sandboxLog": "\\n{\"errorMessage\":\"2025-04-07T12:24:01.558Z 5271b64b-31ab-488f-a635-8b1f24fec8bf Task timed out after 1.08 seconds\"}",
  "lambdaLog": "\\n{\"errorMessage\":\"2025-04-07T12:24:01.558Z 5271b64b-31ab-488f-a635-8b1f24fec8bf Task timed out after 1.08 seconds\"}",
  "timestamp": 6100
}
{
  "sandboxLog": "\\n{\"errorMessage\":\"2025-04-07T12:24:02.678Z 6653c592-608d-427e-b26a-23a6afc84b67 Task timed out after 1.08 seconds\"}",
  "lambdaLog": "\\n{\"errorMessage\":\"2025-04-07T12:24:02.678Z 6653c592-608d-427e-b26a-23a6afc84b67 Task timed out after 1.08 seconds\"}",
  "timestamp": 6200
}
{
  "sandboxLog": "\\n{\"errorMessage\":\"2025-04-07T12:24:03.759Z 37fd20bf-4ca7-4689-9eab-3218d3a44ed3 Task timed out after 1.04 seconds\"}",
  "lambdaLog": "\\n{\"errorMessage\":\"2025-04-07T12:24:03.759Z 37fd20bf-4ca7-4689-9eab-3218d3a44ed3 Task timed out after 1.04 seconds\"}",
  "timestamp": 6300
}
{
  "sandboxLog": "\\n{\"errorMessage\":\"2025-04-07T12:24:04.877Z 13ac861a-4638-41f5-a5ea-4467ff41c72b Task timed out after 1.05 seconds\"}",
  "lambdaLog": "\\n{\"errorMessage\":\"2025-04-07T12:24:04.877Z 13ac861a-4638-41f5-a5ea-4467ff41c72b Task timed out after 1.05 seconds\"}",
  "timestamp": 6400
}
{
  "sandboxLog": "\\n{\"errorMessage\":\"2025-04-07T12:24:05.978Z 02170752-7268-4b1f-aa2d-d38e017257dc Task timed out after 1.06 seconds\"}",
  "lambdaLog": "\\n{\"errorMessage\":\"2025-04-07T12:24:05.978Z 02170752-7268-4b1f-aa2d-d38e017257dc Task timed out after 1.06 seconds\"}",
  "timestamp": 6500
}
{
  "sandboxLog": "\\n{\"errorMessage\":\"2025-04-07T12:24:07.078Z d742bfce-20f5-4039-a09c-a9f50004af04 Task timed out after 1.04 seconds\"}",
  "lambdaLog": "\\n{\"errorMessage\":\"2025-04-07T12:24:07.078Z d742bfce-20f5-4039-a09c-a9f50004af04 Task timed out after 1.04 seconds\"}",
  "timestamp": 6600
}
{
  "sandboxLog": "\\n{\"errorMessage\":\"2025-04-07T12:24:08.197Z bce640b5-2cbf-4127-a090-a4124d7c09d5 Task timed out after 1.08 seconds\"}",
  "lambdaLog": "\\n{\"errorMessage\":\"2025-04-07T12:24:08.197Z bce640b5-2cbf-4127-a090-a4124d7c09d5 Task timed out after 1.08 seconds\"}",
  "timestamp": 6700
}
{
  "sandboxLog": "\\n{\"errorMessage\":\"2025-04-07T12:24:09.297Z 1b1390c7-c6f6-44e8-8b23-f2cc58325194 Task timed out after 1.08 seconds\"}",
  "lambdaLog": "\\n{\"errorMessage\":\"2025-04-07T12:24:09.297Z 1b1390c7-c6f6-44e8-8b23-f2cc58325194 Task timed out after 1.08 seconds\"}",
  "timestamp": 6800
}
{
  "sandboxLog": "\\n{\"errorMessage\":\"2025-04-07T12:24:10.358Z 9ac91213-e4df-42c4-8e60-3f73cdb5885f Task timed out after 1.02 seconds\"}",
  "lambdaLog": "\\n{\"errorMessage\":\"2025-04-07T12:24:10.358Z 9ac91213-e4df-42c4-8e60-3f73cdb5885f Task timed out after 1.02 seconds\"}",
  "timestamp": 6900
}
{
  "sandboxLog": "\\n{\"errorMessage\":\"2025-04-07T12:24:11.598Z 0498f6c0-797d-43b7-a9dd-4467c889194c Task timed out after 1.18 seconds\"}",
  "lambdaLog": "\\n{\"errorMessage\":\"2025-04-07T12:24:11.598Z 0498f6c0-797d-43b7-a9dd-4467c889194c Task timed out after 1.18 seconds\"}",
  "timestamp": 7000
}
{
  "sandboxLog": "\\n{\"errorMessage\":\"2025-04-07T12:24:13.558Z 42eff430-51f4-4e9c-bf64-52713e32ff1a Task timed out after 1.92 seconds\"}",
  "lambdaLog": "\\n{\"errorMessage\":\"2025-04-07T12:24:13.558Z 42eff430-51f4-4e9c-bf64-52713e32ff1a Task timed out after 1.92 seconds\"}",
  "timestamp": 7100
}
{
  "sandboxLog": "\\n{\"errorMessage\":\"2025-04-07T12:24:14.638Z 26c3841c-cd99-4d93-a452-8650fbc0e426 Task timed out after 1.06 seconds\"}",
  "lambdaLog": "\\n{\"errorMessage\":\"2025-04-07T12:24:14.638Z 26c3841c-cd99-4d93-a452-8650fbc0e426 Task timed out after 1.06 seconds\"}",
  "timestamp": 7200
}
{
  "sandboxLog": "\\n{\"errorMessage\":\"2025-04-07T12:24:15.718Z e4ae6423-f311-4af6-b3df-1edd547164a8 Task timed out after 1.04 seconds\"}",
  "lambdaLog": "\\n{\"errorMessage\":\"2025-04-07T12:24:15.718Z e4ae6423-f311-4af6-b3df-1edd547164a8 Task timed out after 1.04 seconds\"}",
  "timestamp": 7300
}
{
  "sandboxLog": "\\n{\"errorMessage\":\"2025-04-07T12:24:16.779Z ff90ccb0-c29e-48c6-ba13-b37e004fc656 Task timed out after 1.02 seconds\"}",
  "lambdaLog": "\\n{\"errorMessage\":\"2025-04-07T12:24:16.779Z ff90ccb0-c29e-48c6-ba13-b37e004fc656 Task timed out after 1.02 seconds\"}",
  "timestamp": 7400
}
{
  "sandboxLog": "\\n{\"errorMessage\":\"2025-04-07T12:24:17.899Z bd7556eb-6827-46de-8ae7-e16ab2f5aff2 Task timed out after 1.06 seconds\"}",
  "lambdaLog": "\\n{\"errorMessage\":\"2025-04-07T12:24:17.899Z bd7556eb-6827-46de-8ae7-e16ab2f5aff2 Task timed out after 1.06 seconds\"}",
  "timestamp": 7500
}
{
  "sandboxLog": "\\n{\"errorMessage\":\"2025-04-07T12:24:18.998Z fc7cd2c4-5035-4ebf-9d0c-882f8786533e Task timed out after 1.06 seconds\"}",
  "lambdaLog": "\\n{\"errorMessage\":\"2025-04-07T12:24:18.998Z fc7cd2c4-5035-4ebf-9d0c-882f8786533e Task timed out after 1.06 seconds\"}",
  "timestamp": 7600
}
{
  "sandboxLog": "\\n{\"errorMessage\":\"2025-04-07T12:24:20.197Z 7793a2f3-fb03-47d3-9806-a8a03150743f Task timed out after 1.14 seconds\"}",
  "lambdaLog": "\\n{\"errorMessage\":\"2025-04-07T12:24:20.197Z 7793a2f3-fb03-47d3-9806-a8a03150743f Task timed out after 1.14 seconds\"}",
  "timestamp": 7700
}
{
  "sandboxLog": "\\n{\"errorMessage\":\"2025-04-07T12:24:21.297Z af848ffc-1658-4428-9342-c3ebc1b31f2e Task timed out after 1.06 seconds\"}",
  "lambdaLog": "\\n{\"errorMessage\":\"2025-04-07T12:24:21.297Z af848ffc-1658-4428-9342-c3ebc1b31f2e Task timed out after 1.06 seconds\"}",
  "timestamp": 7800
}
{
  "sandboxLog": "\\n{\"errorMessage\":\"2025-04-07T12:24:22.378Z f7aa1842-cc97-4acb-afa5-d25b6ddac9a8 Task timed out after 1.04 seconds\"}",
  "lambdaLog": "\\n{\"errorMessage\":\"2025-04-07T12:24:22.378Z f7aa1842-cc97-4acb-afa5-d25b6ddac9a8 Task timed out after 1.04 seconds\"}",
  "timestamp": 7900
}
{
  "sandboxLog": "\\n{\"errorMessage\":\"2025-04-07T12:24:23.518Z 7270fda0-ad7a-4cf0-a02e-c2c76cbeb0d7 Task timed out after 1.10 seconds\"}",
  "lambdaLog": "\\n{\"errorMessage\":\"2025-04-07T12:24:23.518Z 7270fda0-ad7a-4cf0-a02e-c2c76cbeb0d7 Task timed out after 1.10 seconds\"}",
  "timestamp": 8000
}
{
  "sandboxLog": "\\n{\"errorMessage\":\"2025-04-07T12:24:24.657Z ad2cf3a6-4525-40d4-ae1c-b201922dc771 Task timed out after 1.10 seconds\"}",
  "lambdaLog": "\\n{\"errorMessage\":\"2025-04-07T12:24:24.657Z ad2cf3a6-4525-40d4-ae1c-b201922dc771 Task timed out after 1.10 seconds\"}",
  "timestamp": 8100
}
{
  "sandboxLog": "\\n{\"errorMessage\":\"2025-04-07T12:24:25.817Z 839225a1-e0a5-4180-baba-44898a0ffc6f Task timed out after 1.12 seconds\"}",
  "lambdaLog": "\\n{\"errorMessage\":\"2025-04-07T12:24:25.817Z 839225a1-e0a5-4180-baba-44898a0ffc6f Task timed out after 1.12 seconds\"}",
  "timestamp": 8200
}
{
  "sandboxLog": "\\n{\"errorMessage\":\"2025-04-07T12:24:26.918Z ae62e1db-f8c4-48da-a76d-1114b5ce6a1e Task timed out after 1.06 seconds\"}",
  "lambdaLog": "\\n{\"errorMessage\":\"2025-04-07T12:24:26.918Z ae62e1db-f8c4-48da-a76d-1114b5ce6a1e Task timed out after 1.06 seconds\"}",
  "timestamp": 8300
}
{
  "sandboxLog": "\\n{\"errorMessage\":\"2025-04-07T12:24:28.117Z c0668704-4da8-4de1-8159-6528487e0232 Task timed out after 1.16 seconds\"}",
  "lambdaLog": "\\n{\"errorMessage\":\"2025-04-07T12:24:28.117Z c0668704-4da8-4de1-8159-6528487e0232 Task timed out after 1.16 seconds\"}",
  "timestamp": 8400
}
{
  "sandboxLog": "\\n{\"errorMessage\":\"2025-04-07T12:24:29.258Z 965aa2e2-a25d-40ad-bf69-49b31d5d57c7 Task timed out after 1.10 seconds\"}",
  "lambdaLog": "\\n{\"errorMessage\":\"2025-04-07T12:24:29.258Z 965aa2e2-a25d-40ad-bf69-49b31d5d57c7 Task timed out after 1.10 seconds\"}",
  "timestamp": 8500
}
{
  "sandboxLog": "\\n{\"errorMessage\":\"2025-04-07T12:24:30.358Z bdc7b7da-2eb9-4b1d-946f-c494e2750c43 Task timed out after 1.06 seconds\"}",
  "lambdaLog": "\\n{\"errorMessage\":\"2025-04-07T12:24:30.358Z bdc7b7da-2eb9-4b1d-946f-c494e2750c43 Task timed out after 1.06 seconds\"}",
  "timestamp": 8600
}
{
  "sandboxLog": "\\n{\"errorMessage\":\"2025-04-07T12:24:31.439Z 518c6b39-4a87-4cdb-88b6-8f9e52736ace Task timed out after 1.04 seconds\"}",
  "lambdaLog": "\\n{\"errorMessage\":\"2025-04-07T12:24:31.439Z 518c6b39-4a87-4cdb-88b6-8f9e52736ace Task timed out after 1.04 seconds\"}",
  "timestamp": 8700
}
{
  "sandboxLog": "\\n{\"errorMessage\":\"2025-04-07T12:24:32.659Z 540625f9-f45d-4a01-9a87-00499911829e Task timed out after 1.16 seconds\"}",
  "lambdaLog": "\\n{\"errorMessage\":\"2025-04-07T12:24:32.659Z 540625f9-f45d-4a01-9a87-00499911829e Task timed out after 1.16 seconds\"}",
  "timestamp": 8800
}
{
  "sandboxLog": "\\n{\"errorMessage\":\"2025-04-07T12:24:33.779Z 30fc8d27-e739-4db9-a35f-d22576da61db Task timed out after 1.06 seconds\"}",
  "lambdaLog": "\\n{\"errorMessage\":\"2025-04-07T12:24:33.779Z 30fc8d27-e739-4db9-a35f-d22576da61db Task timed out after 1.06 seconds\"}",
  "timestamp": 8900
}
{
  "sandboxLog": "\\n{\"errorMessage\":\"2025-04-07T12:24:34.938Z a6b57f3e-3af7-46e8-8ee1-75ae1a5191ab Task timed out after 1.10 seconds\"}",
  "lambdaLog": "\\n{\"errorMessage\":\"2025-04-07T12:24:34.938Z a6b57f3e-3af7-46e8-8ee1-75ae1a5191ab Task timed out after 1.10 seconds\"}",
  "timestamp": 9000
}
{
  "sandboxLog": "\\n{\"errorMessage\":\"2025-04-07T12:24:36.098Z cce5dd57-0e2a-46d5-89bf-88323bfd39db Task timed out after 1.10 seconds\"}",
  "lambdaLog": "\\n{\"errorMessage\":\"2025-04-07T12:24:36.098Z cce5dd57-0e2a-46d5-89bf-88323bfd39db Task timed out after 1.10 seconds\"}",
  "timestamp": 9100
}
{
  "sandboxLog": "\\n{\"errorMessage\":\"2025-04-07T12:24:37.257Z ad3e9adc-fb40-46b0-91ae-03ca6f3ef711 Task timed out after 1.10 seconds\"}",
  "lambdaLog": "\\n{\"errorMessage\":\"2025-04-07T12:24:37.257Z ad3e9adc-fb40-46b0-91ae-03ca6f3ef711 Task timed out after 1.10 seconds\"}",
  "timestamp": 9200
}
{
  "sandboxLog": "\\n{\"errorMessage\":\"2025-04-07T12:24:38.417Z d9c1d2ef-d68f-4e61-8009-1f3ae73f5412 Task timed out after 1.13 seconds\"}",
  "lambdaLog": "\\n{\"errorMessage\":\"2025-04-07T12:24:38.417Z d9c1d2ef-d68f-4e61-8009-1f3ae73f5412 Task timed out after 1.13 seconds\"}",
  "timestamp": 9300
}
{
  "sandboxLog": "\\n{\"errorMessage\":\"2025-04-07T12:24:39.678Z 607982b9-1e05-4953-b773-3364a6ed47a9 Task timed out after 1.22 seconds\"}",
  "lambdaLog": "\\n{\"errorMessage\":\"2025-04-07T12:24:39.678Z 607982b9-1e05-4953-b773-3364a6ed47a9 Task timed out after 1.22 seconds\"}",
  "timestamp": 9400
}
{
  "sandboxLog": "\\n{\"errorMessage\":\"2025-04-07T12:24:40.798Z 7989a765-9d15-42a9-9159-951fc4440708 Task timed out after 1.08 seconds\"}",
  "lambdaLog": "\\n{\"errorMessage\":\"2025-04-07T12:24:40.798Z 7989a765-9d15-42a9-9159-951fc4440708 Task timed out after 1.08 seconds\"}",
  "timestamp": 9500
}
{
  "sandboxLog": "\\n{\"errorMessage\":\"2025-04-07T12:24:42.098Z 1c8185ab-a38c-4eae-854b-9c5e6a59335b Task timed out after 1.26 seconds\"}",
  "lambdaLog": "\\n{\"errorMessage\":\"2025-04-07T12:24:42.098Z 1c8185ab-a38c-4eae-854b-9c5e6a59335b Task timed out after 1.26 seconds\"}",
  "timestamp": 9600
}
{
  "sandboxLog": "\\n{\"errorMessage\":\"2025-04-07T12:24:43.198Z be5d903c-f30a-4c21-834d-8c32fc973fea Task timed out after 1.06 seconds\"}",
  "lambdaLog": "\\n{\"errorMessage\":\"2025-04-07T12:24:43.198Z be5d903c-f30a-4c21-834d-8c32fc973fea Task timed out after 1.06 seconds\"}",
  "timestamp": 9700
}
{
  "sandboxLog": "\\n{\"errorMessage\":\"2025-04-07T12:24:44.340Z 1ad98d13-6b8a-4add-993a-4de897a2e155 Task timed out after 1.10 seconds\"}",
  "lambdaLog": "\\n{\"errorMessage\":\"2025-04-07T12:24:44.340Z 1ad98d13-6b8a-4add-993a-4de897a2e155 Task timed out after 1.10 seconds\"}",
  "timestamp": 9800
}
{
  "sandboxLog": "\\n{\"errorMessage\":\"2025-04-07T12:24:45.379Z a1d79ec7-418d-4b23-b85d-eef54749ec2c Task timed out after 1.02 seconds\"}",
  "lambdaLog": "\\n{\"errorMessage\":\"2025-04-07T12:24:45.379Z a1d79ec7-418d-4b23-b85d-eef54749ec2c Task timed out after 1.02 seconds\"}",
  "timestamp": 9900
}
{
  "sandboxLog": "\\n{\"errorMessage\":\"2025-04-07T12:24:46.479Z bf6a338a-ca80-4b26-9a01-22479c569d7f Task timed out after 1.04 seconds\"}",
  "lambdaLog": "\\n{\"errorMessage\":\"2025-04-07T12:24:46.479Z bf6a338a-ca80-4b26-9a01-22479c569d7f Task timed out after 1.04 seconds\"}",
  "timestamp": 10000
}
{
  "sandboxLog": "Lambda errors have reached maximum value for submission 2d9ee37c-a31c-4882-8346-adbe7a333464",
  "lambdaLog": null,
  "timestamp": 63839
}



Activities log:
day;timestamp;product;bid_price_1;bid_volume_1;bid_price_2;bid_volume_2;bid_price_3;bid_volume_3;ask_price_1;ask_volume_1;ask_price_2;ask_volume_2;ask_price_3;ask_volume_3;mid_price;profit_and_loss




Trade History:
null