Sandbox logs:
{
  "sandboxLog": "[ERROR] NameError: name 'Observation' is not defined\\n{\"errorMessage\":\"2025-04-08T12:09:42.389Z bae58ae6-1c11-4506-bf38-8f57e566865a Task timed out after 1.06 seconds\"}",
  "lambdaLog": "[ERROR] NameError: name 'Observation' is not defined\\n{\"errorMessage\":\"2025-04-08T12:09:42.389Z bae58ae6-1c11-4506-bf38-8f57e566865a Task timed out after 1.06 seconds\"}",
  "timestamp": 0
}
{
  "sandboxLog": "[ERROR] NameError: name 'Observation' is not defined\\n{\"errorMessage\":\"2025-04-08T12:09:43.749Z 5cd243b8-7e7c-4b1d-b6da-d052f589b0f7 Task timed out after 1.12 seconds\"}",
  "lambdaLog": "[ERROR] NameError: name 'Observation' is not defined\\n{\"errorMessage\":\"2025-04-08T12:09:43.749Z 5cd243b8-7e7c-4b1d-b6da-d052f589b0f7 Task timed out after 1.12 seconds\"}",
  "timestamp": 100
}
{
  "sandboxLog": "\\n{\"errorMessage\":\"2025-04-08T12:09:44.891Z 18988190-ebe2-4c48-a3fa-bd9f5e6f76da Task timed out after 1.12 seconds\"}",
  "lambdaLog": "\\n{\"errorMessage\":\"2025-04-08T12:09:44.891Z 18988190-ebe2-4c48-a3fa-bd9f5e6f76da Task timed out after 1.12 seconds\"}",
  "timestamp": 200
}
{
  "sandboxLog": "[ERROR] NameError: name 'Observation' is not defined\\n{\"errorMessage\":\"2025-04-08T12:09:46.169Z 63416e19-3920-4d74-87f7-0cd448faf9ff Task timed out after 1.03 seconds\"}",
  "lambdaLog": "[ERROR] NameError: name 'Observation' is not defined\\n{\"errorMessage\":\"2025-04-08T12:09:46.169Z 63416e19-3920-4d74-87f7-0cd448faf9ff Task timed out after 1.03 seconds\"}",
  "timestamp": 300
}
{
  "sandboxLog": "\\n{\"errorMessage\":\"2025-04-08T12:09:47.230Z f6bbcb03-3658-4712-9d2a-5ca0e6c430d7 Task timed out after 1.02 seconds\"}",
  "lambdaLog": "\\n{\"errorMessage\":\"2025-04-08T12:09:47.230Z f6bbcb03-3658-4712-9d2a-5ca0e6c430d7 Task timed out after 1.02 seconds\"}",
  "timestamp": 400
}
{
  "sandboxLog": "\\n{\"errorMessage\":\"2025-04-08T12:09:48.309Z 7733e36b-7eb5-496a-b2be-0b6ce670f961 Task timed out after 1.04 seconds\"}",
  "lambdaLog": "\\n{\"errorMessage\":\"2025-04-08T12:09:48.309Z 7733e36b-7eb5-496a-b2be-0b6ce670f961 Task timed out after 1.04 seconds\"}",
  "timestamp": 500
}
{
  "sandboxLog": "\\n{\"errorMessage\":\"2025-04-08T12:09:49.409Z 932ddfed-8b77-4b00-9cb4-a7e2e0f7ad0c Task timed out after 1.06 seconds\"}",
  "lambdaLog": "\\n{\"errorMessage\":\"2025-04-08T12:09:49.409Z 932ddfed-8b77-4b00-9cb4-a7e2e0f7ad0c Task timed out after 1.06 seconds\"}",
  "timestamp": 600
}
{
  "sandboxLog": "[ERROR] NameError: name 'Observation' is not defined\\n{\"errorMessage\":\"2025-04-08T12:09:50.650Z 237283d3-9757-4d94-8c68-f12eafcd8600 Task timed out after 1.04 seconds\"}",
  "lambdaLog": "[ERROR] NameError: name 'Observation' is not defined\\n{\"errorMessage\":\"2025-04-08T12:09:50.650Z 237283d3-9757-4d94-8c68-f12eafcd8600 Task timed out after 1.04 seconds\"}",
  "timestamp": 700
}
{
  "sandboxLog": "\\n{\"errorMessage\":\"2025-04-08T12:09:51.730Z 693cc279-3885-477b-a9b7-219d5ff3f54e Task timed out after 1.02 seconds\"}",
  "lambdaLog": "\\n{\"errorMessage\":\"2025-04-08T12:09:51.730Z 693cc279-3885-477b-a9b7-219d5ff3f54e Task timed out after 1.02 seconds\"}",
  "timestamp": 800
}
{
  "sandboxLog": "\\n{\"errorMessage\":\"2025-04-08T12:09:52.849Z 7a1de04e-7890-4b4a-bbc0-2e371fd284b8 Task timed out after 1.08 seconds\"}",
  "lambdaLog": "\\n{\"errorMessage\":\"2025-04-08T12:09:52.849Z 7a1de04e-7890-4b4a-bbc0-2e371fd284b8 Task timed out after 1.08 seconds\"}",
  "timestamp": 900
}
{
  "sandboxLog": "\\n{\"errorMessage\":\"2025-04-08T12:09:53.930Z db070282-ab0e-4004-9a96-aa0c05ab0219 Task timed out after 1.04 seconds\"}",
  "lambdaLog": "\\n{\"errorMessage\":\"2025-04-08T12:09:53.930Z db070282-ab0e-4004-9a96-aa0c05ab0219 Task timed out after 1.04 seconds\"}",
  "timestamp": 1000
}
{
  "sandboxLog": "\\n{\"errorMessage\":\"2025-04-08T12:09:55.029Z a179a67b-9b03-4b3f-afdb-f97c1ea04f16 Task timed out after 1.06 seconds\"}",
  "lambdaLog": "\\n{\"errorMessage\":\"2025-04-08T12:09:55.029Z a179a67b-9b03-4b3f-afdb-f97c1ea04f16 Task timed out after 1.06 seconds\"}",
  "timestamp": 1100
}
{
  "sandboxLog": "\\n{\"errorMessage\":\"2025-04-08T12:09:56.150Z 63125a53-76fe-409e-bba2-90e630a67595 Task timed out after 1.10 seconds\"}",
  "lambdaLog": "\\n{\"errorMessage\":\"2025-04-08T12:09:56.150Z 63125a53-76fe-409e-bba2-90e630a67595 Task timed out after 1.10 seconds\"}",
  "timestamp": 1200
}
{
  "sandboxLog": "\\n{\"errorMessage\":\"2025-04-08T12:09:57.309Z 4fdc18b6-327a-4c00-ab7e-e2d24a34cf90 Task timed out after 1.10 seconds\"}",
  "lambdaLog": "\\n{\"errorMessage\":\"2025-04-08T12:09:57.309Z 4fdc18b6-327a-4c00-ab7e-e2d24a34cf90 Task timed out after 1.10 seconds\"}",
  "timestamp": 1300
}
{
  "sandboxLog": "\\n{\"errorMessage\":\"2025-04-08T12:09:58.409Z b379c329-82ab-4aee-a9bb-510940964c59 Task timed out after 1.06 seconds\"}",
  "lambdaLog": "\\n{\"errorMessage\":\"2025-04-08T12:09:58.409Z b379c329-82ab-4aee-a9bb-510940964c59 Task timed out after 1.06 seconds\"}",
  "timestamp": 1400
}
{
  "sandboxLog": "[ERROR] NameError: name 'Observation' is not defined\\n{\"errorMessage\":\"2025-04-08T12:09:59.689Z 69ff789a-56cf-4478-86f8-40bdfe47effb Task timed out after 1.07 seconds\"}",
  "lambdaLog": "[ERROR] NameError: name 'Observation' is not defined\\n{\"errorMessage\":\"2025-04-08T12:09:59.689Z 69ff789a-56cf-4478-86f8-40bdfe47effb Task timed out after 1.07 seconds\"}",
  "timestamp": 1500
}
{
  "sandboxLog": "\\n{\"errorMessage\":\"2025-04-08T12:10:00.949Z c82fbf60-b1f1-483e-ba08-1115ad664ebb Task timed out after 1.24 seconds\"}",
  "lambdaLog": "\\n{\"errorMessage\":\"2025-04-08T12:10:00.949Z c82fbf60-b1f1-483e-ba08-1115ad664ebb Task timed out after 1.24 seconds\"}",
  "timestamp": 1600
}
{
  "sandboxLog": "\\n{\"errorMessage\":\"2025-04-08T12:10:02.089Z 2ae97b19-d617-4548-a946-8fb2346aa7d0 Task timed out after 1.12 seconds\"}",
  "lambdaLog": "\\n{\"errorMessage\":\"2025-04-08T12:10:02.089Z 2ae97b19-d617-4548-a946-8fb2346aa7d0 Task timed out after 1.12 seconds\"}",
  "timestamp": 1700
}
{
  "sandboxLog": "\\n{\"errorMessage\":\"2025-04-08T12:10:03.309Z b470420f-729e-4d74-82b5-2e25db77e48d Task timed out after 1.18 seconds\"}",
  "lambdaLog": "\\n{\"errorMessage\":\"2025-04-08T12:10:03.309Z b470420f-729e-4d74-82b5-2e25db77e48d Task timed out after 1.18 seconds\"}",
  "timestamp": 1800
}
{
  "sandboxLog": "\\n{\"errorMessage\":\"2025-04-08T12:10:04.450Z 9a4be71b-73c2-437e-a6c1-d17ae1dcc5d5 Task timed out after 1.10 seconds\"}",
  "lambdaLog": "\\n{\"errorMessage\":\"2025-04-08T12:10:04.450Z 9a4be71b-73c2-437e-a6c1-d17ae1dcc5d5 Task timed out after 1.10 seconds\"}",
  "timestamp": 1900
}
{
  "sandboxLog": "\\n{\"errorMessage\":\"2025-04-08T12:10:05.530Z 9b648129-9c32-4546-80a8-b6236cd0761f Task timed out after 1.04 seconds\"}",
  "lambdaLog": "\\n{\"errorMessage\":\"2025-04-08T12:10:05.530Z 9b648129-9c32-4546-80a8-b6236cd0761f Task timed out after 1.04 seconds\"}",
  "timestamp": 2000
}
{
  "sandboxLog": "\\n{\"errorMessage\":\"2025-04-08T12:10:06.649Z ccd466be-d22e-4e71-9af4-3032e2720806 Task timed out after 1.06 seconds\"}",
  "lambdaLog": "\\n{\"errorMessage\":\"2025-04-08T12:10:06.649Z ccd466be-d22e-4e71-9af4-3032e2720806 Task timed out after 1.06 seconds\"}",
  "timestamp": 2100
}
{
  "sandboxLog": "\\n{\"errorMessage\":\"2025-04-08T12:10:07.910Z 20a564c5-ea55-4859-8e27-24a36f9e68e9 Task timed out after 1.21 seconds\"}",
  "lambdaLog": "\\n{\"errorMessage\":\"2025-04-08T12:10:07.910Z 20a564c5-ea55-4859-8e27-24a36f9e68e9 Task timed out after 1.21 seconds\"}",
  "timestamp": 2200
}
{
  "sandboxLog": "\\n{\"errorMessage\":\"2025-04-08T12:10:08.989Z b8576402-d468-41ce-8b1c-339622e8e365 Task timed out after 1.02 seconds\"}",
  "lambdaLog": "\\n{\"errorMessage\":\"2025-04-08T12:10:08.989Z b8576402-d468-41ce-8b1c-339622e8e365 Task timed out after 1.02 seconds\"}",
  "timestamp": 2300
}
{
  "sandboxLog": "\\n{\"errorMessage\":\"2025-04-08T12:10:10.090Z 76bb6c79-150c-40c8-b2e4-75e06987acd8 Task timed out after 1.06 seconds\"}",
  "lambdaLog": "\\n{\"errorMessage\":\"2025-04-08T12:10:10.090Z 76bb6c79-150c-40c8-b2e4-75e06987acd8 Task timed out after 1.06 seconds\"}",
  "timestamp": 2400
}
{
  "sandboxLog": "\\n{\"errorMessage\":\"2025-04-08T12:10:11.290Z 3b2fe9ad-c89f-464a-a07c-448eb5e7a99c Task timed out after 1.09 seconds\"}",
  "lambdaLog": "\\n{\"errorMessage\":\"2025-04-08T12:10:11.290Z 3b2fe9ad-c89f-464a-a07c-448eb5e7a99c Task timed out after 1.09 seconds\"}",
  "timestamp": 2500
}
{
  "sandboxLog": "\\n{\"errorMessage\":\"2025-04-08T12:10:12.370Z 1e76bd46-fa0f-4f69-8a05-5f4d49dd75a3 Task timed out after 1.04 seconds\"}",
  "lambdaLog": "\\n{\"errorMessage\":\"2025-04-08T12:10:12.370Z 1e76bd46-fa0f-4f69-8a05-5f4d49dd75a3 Task timed out after 1.04 seconds\"}",
  "timestamp": 2600
}
{
  "sandboxLog": "\\n{\"errorMessage\":\"2025-04-08T12:10:13.410Z 8f974760-0217-4e61-9715-785f2e8b6035 Task timed out after 1.00 seconds\"}",
  "lambdaLog": "\\n{\"errorMessage\":\"2025-04-08T12:10:13.410Z 8f974760-0217-4e61-9715-785f2e8b6035 Task timed out after 1.00 seconds\"}",
  "timestamp": 2700
}
{
  "sandboxLog": "\\n{\"errorMessage\":\"2025-04-08T12:10:14.470Z 1ba15817-1bd3-4ed5-b36e-09800ef06cbd Task timed out after 1.02 seconds\"}",
  "lambdaLog": "\\n{\"errorMessage\":\"2025-04-08T12:10:14.470Z 1ba15817-1bd3-4ed5-b36e-09800ef06cbd Task timed out after 1.02 seconds\"}",
  "timestamp": 2800
}
{
  "sandboxLog": "\\n{\"errorMessage\":\"2025-04-08T12:10:15.669Z 4ed04759-08e3-4faa-b863-c29eca89f1ff Task timed out after 1.16 seconds\"}",
  "lambdaLog": "\\n{\"errorMessage\":\"2025-04-08T12:10:15.669Z 4ed04759-08e3-4faa-b863-c29eca89f1ff Task timed out after 1.16 seconds\"}",
  "timestamp": 2900
}
{
  "sandboxLog": "[ERROR] NameError: name 'Observation' is not defined\\n{\"errorMessage\":\"2025-04-08T12:10:16.989Z 23172602-4d13-44bd-b866-635d82882f8a Task timed out after 1.11 seconds\"}",
  "lambdaLog": "[ERROR] NameError: name 'Observation' is not defined\\n{\"errorMessage\":\"2025-04-08T12:10:16.989Z 23172602-4d13-44bd-b866-635d82882f8a Task timed out after 1.11 seconds\"}",
  "timestamp": 3000
}
{
  "sandboxLog": "\\n{\"errorMessage\":\"2025-04-08T12:10:18.070Z e8fa473e-f0a1-4367-a984-b2c18b16cb17 Task timed out after 1.04 seconds\"}",
  "lambdaLog": "\\n{\"errorMessage\":\"2025-04-08T12:10:18.070Z e8fa473e-f0a1-4367-a984-b2c18b16cb17 Task timed out after 1.04 seconds\"}",
  "timestamp": 3100
}
{
  "sandboxLog": "\\n{\"errorMessage\":\"2025-04-08T12:10:19.190Z ff647a66-1214-4538-95f0-67ae408a6360 Task timed out after 1.08 seconds\"}",
  "lambdaLog": "\\n{\"errorMessage\":\"2025-04-08T12:10:19.190Z ff647a66-1214-4538-95f0-67ae408a6360 Task timed out after 1.08 seconds\"}",
  "timestamp": 3200
}
{
  "sandboxLog": "\\n{\"errorMessage\":\"2025-04-08T12:10:20.350Z 7504f604-5062-4d22-9a4f-2df69bc1c2c4 Task timed out after 1.10 seconds\"}",
  "lambdaLog": "\\n{\"errorMessage\":\"2025-04-08T12:10:20.350Z 7504f604-5062-4d22-9a4f-2df69bc1c2c4 Task timed out after 1.10 seconds\"}",
  "timestamp": 3300
}
{
  "sandboxLog": "\\n{\"errorMessage\":\"2025-04-08T12:10:21.470Z 6d12b3ec-213b-40e4-afb6-a222b4c203e4 Task timed out after 1.08 seconds\"}",
  "lambdaLog": "\\n{\"errorMessage\":\"2025-04-08T12:10:21.470Z 6d12b3ec-213b-40e4-afb6-a222b4c203e4 Task timed out after 1.08 seconds\"}",
  "timestamp": 3400
}
{
  "sandboxLog": "\\n{\"errorMessage\":\"2025-04-08T12:10:23.370Z d8878636-1cf8-4a70-8b92-32c8ea4983c3 Task timed out after 1.84 seconds\"}",
  "lambdaLog": "\\n{\"errorMessage\":\"2025-04-08T12:10:23.370Z d8878636-1cf8-4a70-8b92-32c8ea4983c3 Task timed out after 1.84 seconds\"}",
  "timestamp": 3500
}
{
  "sandboxLog": "\\n{\"errorMessage\":\"2025-04-08T12:10:24.550Z 928a0b53-1b41-497e-bc30-2f3d9ed6be05 Task timed out after 1.14 seconds\"}",
  "lambdaLog": "\\n{\"errorMessage\":\"2025-04-08T12:10:24.550Z 928a0b53-1b41-497e-bc30-2f3d9ed6be05 Task timed out after 1.14 seconds\"}",
  "timestamp": 3600
}
{
  "sandboxLog": "\\n{\"errorMessage\":\"2025-04-08T12:10:25.630Z 8f3635b2-1e3c-410f-8043-19fd7092e1af Task timed out after 1.04 seconds\"}",
  "lambdaLog": "\\n{\"errorMessage\":\"2025-04-08T12:10:25.630Z 8f3635b2-1e3c-410f-8043-19fd7092e1af Task timed out after 1.04 seconds\"}",
  "timestamp": 3700
}
{
  "sandboxLog": "\\n{\"errorMessage\":\"2025-04-08T12:10:26.709Z 3070aea9-4792-4c16-a882-4b81b445d733 Task timed out after 1.04 seconds\"}",
  "lambdaLog": "\\n{\"errorMessage\":\"2025-04-08T12:10:26.709Z 3070aea9-4792-4c16-a882-4b81b445d733 Task timed out after 1.04 seconds\"}",
  "timestamp": 3800
}
{
  "sandboxLog": "\\n{\"errorMessage\":\"2025-04-08T12:10:27.731Z 3b49660f-d3a9-419b-b2a2-5d23b9b122b6 Task timed out after 1.00 seconds\"}",
  "lambdaLog": "\\n{\"errorMessage\":\"2025-04-08T12:10:27.731Z 3b49660f-d3a9-419b-b2a2-5d23b9b122b6 Task timed out after 1.00 seconds\"}",
  "timestamp": 3900
}
{
  "sandboxLog": "\\n{\"errorMessage\":\"2025-04-08T12:10:28.830Z e19b7d29-1a9d-46c2-b8f2-58e9aa92c949 Task timed out after 1.02 seconds\"}",
  "lambdaLog": "\\n{\"errorMessage\":\"2025-04-08T12:10:28.830Z e19b7d29-1a9d-46c2-b8f2-58e9aa92c949 Task timed out after 1.02 seconds\"}",
  "timestamp": 4000
}
{
  "sandboxLog": "\\n{\"errorMessage\":\"2025-04-08T12:10:29.950Z 4bd3a752-7a3c-4400-8bb4-d63b1f5593a2 Task timed out after 1.08 seconds\"}",
  "lambdaLog": "\\n{\"errorMessage\":\"2025-04-08T12:10:29.950Z 4bd3a752-7a3c-4400-8bb4-d63b1f5593a2 Task timed out after 1.08 seconds\"}",
  "timestamp": 4100
}
{
  "sandboxLog": "\\n{\"errorMessage\":\"2025-04-08T12:10:31.030Z 58e7e643-e38e-43ba-b3dc-104c831b6510 Task timed out after 1.04 seconds\"}",
  "lambdaLog": "\\n{\"errorMessage\":\"2025-04-08T12:10:31.030Z 58e7e643-e38e-43ba-b3dc-104c831b6510 Task timed out after 1.04 seconds\"}",
  "timestamp": 4200
}
{
  "sandboxLog": "\\n{\"errorMessage\":\"2025-04-08T12:10:32.190Z 1eaf526d-eedb-46d2-bba8-b324aa73320d Task timed out after 1.10 seconds\"}",
  "lambdaLog": "\\n{\"errorMessage\":\"2025-04-08T12:10:32.190Z 1eaf526d-eedb-46d2-bba8-b324aa73320d Task timed out after 1.10 seconds\"}",
  "timestamp": 4300
}
{
  "sandboxLog": "\\n{\"errorMessage\":\"2025-04-08T12:10:33.230Z ee5f8751-d487-466c-87d4-d0232975181c Task timed out after 1.00 seconds\"}",
  "lambdaLog": "\\n{\"errorMessage\":\"2025-04-08T12:10:33.230Z ee5f8751-d487-466c-87d4-d0232975181c Task timed out after 1.00 seconds\"}",
  "timestamp": 4400
}
{
  "sandboxLog": "\\n{\"errorMessage\":\"2025-04-08T12:10:34.310Z 036ca396-e01c-46f8-b194-bc9ca0c7d5d7 Task timed out after 1.02 seconds\"}",
  "lambdaLog": "\\n{\"errorMessage\":\"2025-04-08T12:10:34.310Z 036ca396-e01c-46f8-b194-bc9ca0c7d5d7 Task timed out after 1.02 seconds\"}",
  "timestamp": 4500
}
{
  "sandboxLog": "\\n{\"errorMessage\":\"2025-04-08T12:10:35.389Z ec4723cf-7830-48da-9ece-81e285d1cf71 Task timed out after 1.04 seconds\"}",
  "lambdaLog": "\\n{\"errorMessage\":\"2025-04-08T12:10:35.389Z ec4723cf-7830-48da-9ece-81e285d1cf71 Task timed out after 1.04 seconds\"}",
  "timestamp": 4600
}
{
  "sandboxLog": "\\n{\"errorMessage\":\"2025-04-08T12:10:36.649Z d58cd5fd-3233-4257-87d6-ba94cad96aca Task timed out after 1.23 seconds\"}",
  "lambdaLog": "\\n{\"errorMessage\":\"2025-04-08T12:10:36.649Z d58cd5fd-3233-4257-87d6-ba94cad96aca Task timed out after 1.23 seconds\"}",
  "timestamp": 4700
}
{
  "sandboxLog": "\\n{\"errorMessage\":\"2025-04-08T12:10:37.769Z 83086db9-160f-4d20-b2c5-6a301f628308 Task timed out after 1.08 seconds\"}",
  "lambdaLog": "\\n{\"errorMessage\":\"2025-04-08T12:10:37.769Z 83086db9-160f-4d20-b2c5-6a301f628308 Task timed out after 1.08 seconds\"}",
  "timestamp": 4800
}
{
  "sandboxLog": "\\n{\"errorMessage\":\"2025-04-08T12:10:38.849Z 21179cda-10ee-4d1d-b142-5ffa3cdd4dcd Task timed out after 1.04 seconds\"}",
  "lambdaLog": "\\n{\"errorMessage\":\"2025-04-08T12:10:38.849Z 21179cda-10ee-4d1d-b142-5ffa3cdd4dcd Task timed out after 1.04 seconds\"}",
  "timestamp": 4900
}
{
  "sandboxLog": "\\n{\"errorMessage\":\"2025-04-08T12:10:39.910Z 1b2c7fab-175c-466b-aeca-1ff3c5c220db Task timed out after 1.04 seconds\"}",
  "lambdaLog": "\\n{\"errorMessage\":\"2025-04-08T12:10:39.910Z 1b2c7fab-175c-466b-aeca-1ff3c5c220db Task timed out after 1.04 seconds\"}",
  "timestamp": 5000
}
{
  "sandboxLog": "\\n{\"errorMessage\":\"2025-04-08T12:10:41.030Z b1ee9aef-14fc-4b64-b127-fad1487ba1eb Task timed out after 1.06 seconds\"}",
  "lambdaLog": "\\n{\"errorMessage\":\"2025-04-08T12:10:41.030Z b1ee9aef-14fc-4b64-b127-fad1487ba1eb Task timed out after 1.06 seconds\"}",
  "timestamp": 5100
}
{
  "sandboxLog": "\\n{\"errorMessage\":\"2025-04-08T12:10:42.129Z 3a1fa179-2495-4fa3-a5df-94705d17fd22 Task timed out after 1.05 seconds\"}",
  "lambdaLog": "\\n{\"errorMessage\":\"2025-04-08T12:10:42.129Z 3a1fa179-2495-4fa3-a5df-94705d17fd22 Task timed out after 1.05 seconds\"}",
  "timestamp": 5200
}
{
  "sandboxLog": "\\n{\"errorMessage\":\"2025-04-08T12:10:43.330Z 653dd2c8-5772-472f-8d2b-0e72e65ceb39 Task timed out after 1.16 seconds\"}",
  "lambdaLog": "\\n{\"errorMessage\":\"2025-04-08T12:10:43.330Z 653dd2c8-5772-472f-8d2b-0e72e65ceb39 Task timed out after 1.16 seconds\"}",
  "timestamp": 5300
}
{
  "sandboxLog": "\\n{\"errorMessage\":\"2025-04-08T12:10:44.429Z edfaf084-a015-4a5c-8c32-1af3c7a753af Task timed out after 1.04 seconds\"}",
  "lambdaLog": "\\n{\"errorMessage\":\"2025-04-08T12:10:44.429Z edfaf084-a015-4a5c-8c32-1af3c7a753af Task timed out after 1.04 seconds\"}",
  "timestamp": 5400
}
{
  "sandboxLog": "\\n{\"errorMessage\":\"2025-04-08T12:10:45.530Z d80b837c-0bf8-4c6f-adb6-628176733e7f Task timed out after 1.08 seconds\"}",
  "lambdaLog": "\\n{\"errorMessage\":\"2025-04-08T12:10:45.530Z d80b837c-0bf8-4c6f-adb6-628176733e7f Task timed out after 1.08 seconds\"}",
  "timestamp": 5500
}
{
  "sandboxLog": "\\n{\"errorMessage\":\"2025-04-08T12:10:46.649Z 9a866cd6-86d9-471a-b6af-5c2d0c8277fe Task timed out after 1.06 seconds\"}",
  "lambdaLog": "\\n{\"errorMessage\":\"2025-04-08T12:10:46.649Z 9a866cd6-86d9-471a-b6af-5c2d0c8277fe Task timed out after 1.06 seconds\"}",
  "timestamp": 5600
}
{
  "sandboxLog": "\\n{\"errorMessage\":\"2025-04-08T12:10:47.710Z 045ec0a6-4442-45fd-b0c2-56de275fa52c Task timed out after 1.04 seconds\"}",
  "lambdaLog": "\\n{\"errorMessage\":\"2025-04-08T12:10:47.710Z 045ec0a6-4442-45fd-b0c2-56de275fa52c Task timed out after 1.04 seconds\"}",
  "timestamp": 5700
}
{
  "sandboxLog": "\\n{\"errorMessage\":\"2025-04-08T12:10:48.810Z b165fbcf-b6b5-4e72-9c01-8b4f20b6a768 Task timed out after 1.06 seconds\"}",
  "lambdaLog": "\\n{\"errorMessage\":\"2025-04-08T12:10:48.810Z b165fbcf-b6b5-4e72-9c01-8b4f20b6a768 Task timed out after 1.06 seconds\"}",
  "timestamp": 5800
}
{
  "sandboxLog": "[ERROR] NameError: name 'Observation' is not defined\\n{\"errorMessage\":\"2025-04-08T12:10:50.051Z 067d00e8-75e0-47ce-907e-1ee98e36151a Task timed out after 1.00 seconds\"}",
  "lambdaLog": "[ERROR] NameError: name 'Observation' is not defined\\n{\"errorMessage\":\"2025-04-08T12:10:50.051Z 067d00e8-75e0-47ce-907e-1ee98e36151a Task timed out after 1.00 seconds\"}",
  "timestamp": 5900
}
{
  "sandboxLog": "\\n{\"errorMessage\":\"2025-04-08T12:10:51.170Z 1a46d0ac-220a-4166-81a6-3064e0a17c65 Task timed out after 1.06 seconds\"}",
  "lambdaLog": "\\n{\"errorMessage\":\"2025-04-08T12:10:51.170Z 1a46d0ac-220a-4166-81a6-3064e0a17c65 Task timed out after 1.06 seconds\"}",
  "timestamp": 6000
}
{
  "sandboxLog": "\\n{\"errorMessage\":\"2025-04-08T12:10:52.310Z 1c29fa3d-77ec-40a5-9df6-1d385e4616bf Task timed out after 1.10 seconds\"}",
  "lambdaLog": "\\n{\"errorMessage\":\"2025-04-08T12:10:52.310Z 1c29fa3d-77ec-40a5-9df6-1d385e4616bf Task timed out after 1.10 seconds\"}",
  "timestamp": 6100
}
{
  "sandboxLog": "\\n{\"errorMessage\":\"2025-04-08T12:10:53.450Z 3a27940c-f45e-4d2d-a61c-5284a1a2ea9e Task timed out after 1.10 seconds\"}",
  "lambdaLog": "\\n{\"errorMessage\":\"2025-04-08T12:10:53.450Z 3a27940c-f45e-4d2d-a61c-5284a1a2ea9e Task timed out after 1.10 seconds\"}",
  "timestamp": 6200
}
{
  "sandboxLog": "\\n{\"errorMessage\":\"2025-04-08T12:10:54.629Z ed88bf50-78cf-47d9-8ae4-3b5684585457 Task timed out after 1.08 seconds\"}",
  "lambdaLog": "\\n{\"errorMessage\":\"2025-04-08T12:10:54.629Z ed88bf50-78cf-47d9-8ae4-3b5684585457 Task timed out after 1.08 seconds\"}",
  "timestamp": 6300
}
{
  "sandboxLog": "\\n{\"errorMessage\":\"2025-04-08T12:10:55.709Z fc1a7798-4ec1-44ea-a0ff-e0f15f1a3b27 Task timed out after 1.06 seconds\"}",
  "lambdaLog": "\\n{\"errorMessage\":\"2025-04-08T12:10:55.709Z fc1a7798-4ec1-44ea-a0ff-e0f15f1a3b27 Task timed out after 1.06 seconds\"}",
  "timestamp": 6400
}
{
  "sandboxLog": "\\n{\"errorMessage\":\"2025-04-08T12:10:56.809Z bd2f521e-7e00-4ef1-bbc3-dd0437412ff2 Task timed out after 1.06 seconds\"}",
  "lambdaLog": "\\n{\"errorMessage\":\"2025-04-08T12:10:56.809Z bd2f521e-7e00-4ef1-bbc3-dd0437412ff2 Task timed out after 1.06 seconds\"}",
  "timestamp": 6500
}
{
  "sandboxLog": "\\n{\"errorMessage\":\"2025-04-08T12:10:57.909Z fd375c2d-64da-4bbb-9cdb-b99909033d57 Task timed out after 1.06 seconds\"}",
  "lambdaLog": "\\n{\"errorMessage\":\"2025-04-08T12:10:57.909Z fd375c2d-64da-4bbb-9cdb-b99909033d57 Task timed out after 1.06 seconds\"}",
  "timestamp": 6600
}
{
  "sandboxLog": "\\n{\"errorMessage\":\"2025-04-08T12:10:59.051Z 1e736724-880f-4f29-8ca8-4c4eb299cc35 Task timed out after 1.10 seconds\"}",
  "lambdaLog": "\\n{\"errorMessage\":\"2025-04-08T12:10:59.051Z 1e736724-880f-4f29-8ca8-4c4eb299cc35 Task timed out after 1.10 seconds\"}",
  "timestamp": 6700
}
{
  "sandboxLog": "\\n{\"errorMessage\":\"2025-04-08T12:11:00.170Z 28ae5c7e-283f-4526-b139-e839d6b32f92 Task timed out after 1.04 seconds\"}",
  "lambdaLog": "\\n{\"errorMessage\":\"2025-04-08T12:11:00.170Z 28ae5c7e-283f-4526-b139-e839d6b32f92 Task timed out after 1.04 seconds\"}",
  "timestamp": 6800
}
{
  "sandboxLog": "\\n{\"errorMessage\":\"2025-04-08T12:11:01.250Z b13d9fcf-6c47-4e08-9e92-99060a1025e5 Task timed out after 1.04 seconds\"}",
  "lambdaLog": "\\n{\"errorMessage\":\"2025-04-08T12:11:01.250Z b13d9fcf-6c47-4e08-9e92-99060a1025e5 Task timed out after 1.04 seconds\"}",
  "timestamp": 6900
}
{
  "sandboxLog": "\\n{\"errorMessage\":\"2025-04-08T12:11:02.389Z a1c8b561-de33-4117-862f-f55909f21f24 Task timed out after 1.10 seconds\"}",
  "lambdaLog": "\\n{\"errorMessage\":\"2025-04-08T12:11:02.389Z a1c8b561-de33-4117-862f-f55909f21f24 Task timed out after 1.10 seconds\"}",
  "timestamp": 7000
}
{
  "sandboxLog": "\\n{\"errorMessage\":\"2025-04-08T12:11:03.529Z 01b9965d-6e9d-48d8-adbf-c26a3cbfd61e Task timed out after 1.12 seconds\"}",
  "lambdaLog": "\\n{\"errorMessage\":\"2025-04-08T12:11:03.529Z 01b9965d-6e9d-48d8-adbf-c26a3cbfd61e Task timed out after 1.12 seconds\"}",
  "timestamp": 7100
}
{
  "sandboxLog": "\\n{\"errorMessage\":\"2025-04-08T12:11:04.610Z 636698b7-17e0-4477-8ac6-35980eed3791 Task timed out after 1.04 seconds\"}",
  "lambdaLog": "\\n{\"errorMessage\":\"2025-04-08T12:11:04.610Z 636698b7-17e0-4477-8ac6-35980eed3791 Task timed out after 1.04 seconds\"}",
  "timestamp": 7200
}
{
  "sandboxLog": "\\n{\"errorMessage\":\"2025-04-08T12:11:05.729Z 5b81e23d-7fcd-4cfa-9307-50b6eceef789 Task timed out after 1.08 seconds\"}",
  "lambdaLog": "\\n{\"errorMessage\":\"2025-04-08T12:11:05.729Z 5b81e23d-7fcd-4cfa-9307-50b6eceef789 Task timed out after 1.08 seconds\"}",
  "timestamp": 7300
}
{
  "sandboxLog": "\\n{\"errorMessage\":\"2025-04-08T12:11:06.850Z 5dbbacbc-2b77-43fa-bc82-b37a02fc1134 Task timed out after 1.08 seconds\"}",
  "lambdaLog": "\\n{\"errorMessage\":\"2025-04-08T12:11:06.850Z 5dbbacbc-2b77-43fa-bc82-b37a02fc1134 Task timed out after 1.08 seconds\"}",
  "timestamp": 7400
}
{
  "sandboxLog": "\\n{\"errorMessage\":\"2025-04-08T12:11:07.892Z d4ccbc0d-2471-493d-859f-6fefc960ce79 Task timed out after 1.00 seconds\"}",
  "lambdaLog": "\\n{\"errorMessage\":\"2025-04-08T12:11:07.892Z d4ccbc0d-2471-493d-859f-6fefc960ce79 Task timed out after 1.00 seconds\"}",
  "timestamp": 7500
}
{
  "sandboxLog": "\\n{\"errorMessage\":\"2025-04-08T12:11:09.030Z 49d7594c-3b60-4e1c-8899-5f5d4184505e Task timed out after 1.06 seconds\"}",
  "lambdaLog": "\\n{\"errorMessage\":\"2025-04-08T12:11:09.030Z 49d7594c-3b60-4e1c-8899-5f5d4184505e Task timed out after 1.06 seconds\"}",
  "timestamp": 7600
}
{
  "sandboxLog": "\\n{\"errorMessage\":\"2025-04-08T12:11:10.150Z 1f17b5d5-bd5a-47a6-9f98-fce6e40b465b Task timed out after 1.06 seconds\"}",
  "lambdaLog": "\\n{\"errorMessage\":\"2025-04-08T12:11:10.150Z 1f17b5d5-bd5a-47a6-9f98-fce6e40b465b Task timed out after 1.06 seconds\"}",
  "timestamp": 7700
}
{
  "sandboxLog": "\\n{\"errorMessage\":\"2025-04-08T12:11:11.269Z bb19484c-6055-46ad-b419-6fdbf0fa1df5 Task timed out after 1.07 seconds\"}",
  "lambdaLog": "\\n{\"errorMessage\":\"2025-04-08T12:11:11.269Z bb19484c-6055-46ad-b419-6fdbf0fa1df5 Task timed out after 1.07 seconds\"}",
  "timestamp": 7800
}
{
  "sandboxLog": "\\n{\"errorMessage\":\"2025-04-08T12:11:12.410Z abd794da-8867-4b0b-a66a-a31267c9b443 Task timed out after 1.12 seconds\"}",
  "lambdaLog": "\\n{\"errorMessage\":\"2025-04-08T12:11:12.410Z abd794da-8867-4b0b-a66a-a31267c9b443 Task timed out after 1.12 seconds\"}",
  "timestamp": 7900
}
{
  "sandboxLog": "\\n{\"errorMessage\":\"2025-04-08T12:11:13.489Z 09ddb06f-74a3-4611-9a7c-515fd14f27ff Task timed out after 1.04 seconds\"}",
  "lambdaLog": "\\n{\"errorMessage\":\"2025-04-08T12:11:13.489Z 09ddb06f-74a3-4611-9a7c-515fd14f27ff Task timed out after 1.04 seconds\"}",
  "timestamp": 8000
}
{
  "sandboxLog": "\\n{\"errorMessage\":\"2025-04-08T12:11:14.669Z 2a4f5bd3-1d22-4507-8e2d-773ab2402043 Task timed out after 1.14 seconds\"}",
  "lambdaLog": "\\n{\"errorMessage\":\"2025-04-08T12:11:14.669Z 2a4f5bd3-1d22-4507-8e2d-773ab2402043 Task timed out after 1.14 seconds\"}",
  "timestamp": 8100
}
{
  "sandboxLog": "\\n{\"errorMessage\":\"2025-04-08T12:11:15.750Z b4d26023-efbc-49fb-bd9f-b84a8cecb5a0 Task timed out after 1.04 seconds\"}",
  "lambdaLog": "\\n{\"errorMessage\":\"2025-04-08T12:11:15.750Z b4d26023-efbc-49fb-bd9f-b84a8cecb5a0 Task timed out after 1.04 seconds\"}",
  "timestamp": 8200
}
{
  "sandboxLog": "\\n{\"errorMessage\":\"2025-04-08T12:11:16.849Z 46a57578-d4bf-477d-8896-ebb099e5476f Task timed out after 1.04 seconds\"}",
  "lambdaLog": "\\n{\"errorMessage\":\"2025-04-08T12:11:16.849Z 46a57578-d4bf-477d-8896-ebb099e5476f Task timed out after 1.04 seconds\"}",
  "timestamp": 8300
}
{
  "sandboxLog": "\\n{\"errorMessage\":\"2025-04-08T12:11:17.990Z 6a877626-0f90-489b-a0a3-fb61bf9eecc3 Task timed out after 1.10 seconds\"}",
  "lambdaLog": "\\n{\"errorMessage\":\"2025-04-08T12:11:17.990Z 6a877626-0f90-489b-a0a3-fb61bf9eecc3 Task timed out after 1.10 seconds\"}",
  "timestamp": 8400
}
{
  "sandboxLog": "\\n{\"errorMessage\":\"2025-04-08T12:11:19.070Z 29619009-4767-4596-9749-580c94e305fd Task timed out after 1.04 seconds\"}",
  "lambdaLog": "\\n{\"errorMessage\":\"2025-04-08T12:11:19.070Z 29619009-4767-4596-9749-580c94e305fd Task timed out after 1.04 seconds\"}",
  "timestamp": 8500
}
{
  "sandboxLog": "\\n{\"errorMessage\":\"2025-04-08T12:11:20.350Z b425e75a-9c89-41d7-8a28-dbd065ad84d3 Task timed out after 1.21 seconds\"}",
  "lambdaLog": "\\n{\"errorMessage\":\"2025-04-08T12:11:20.350Z b425e75a-9c89-41d7-8a28-dbd065ad84d3 Task timed out after 1.21 seconds\"}",
  "timestamp": 8600
}
{
  "sandboxLog": "\\n{\"errorMessage\":\"2025-04-08T12:11:21.549Z 61f5226d-bd4d-41c5-b283-ea73b366f71b Task timed out after 1.14 seconds\"}",
  "lambdaLog": "\\n{\"errorMessage\":\"2025-04-08T12:11:21.549Z 61f5226d-bd4d-41c5-b283-ea73b366f71b Task timed out after 1.14 seconds\"}",
  "timestamp": 8700
}
{
  "sandboxLog": "\\n{\"errorMessage\":\"2025-04-08T12:11:22.609Z c94dc4aa-79b5-40bc-a3e8-7cde17173c8f Task timed out after 1.02 seconds\"}",
  "lambdaLog": "\\n{\"errorMessage\":\"2025-04-08T12:11:22.609Z c94dc4aa-79b5-40bc-a3e8-7cde17173c8f Task timed out after 1.02 seconds\"}",
  "timestamp": 8800
}
{
  "sandboxLog": "\\n{\"errorMessage\":\"2025-04-08T12:11:23.749Z 5ce429db-e082-40a0-b040-c7b4e6cf9fae Task timed out after 1.08 seconds\"}",
  "lambdaLog": "\\n{\"errorMessage\":\"2025-04-08T12:11:23.749Z 5ce429db-e082-40a0-b040-c7b4e6cf9fae Task timed out after 1.08 seconds\"}",
  "timestamp": 8900
}
{
  "sandboxLog": "\\n{\"errorMessage\":\"2025-04-08T12:11:24.869Z 10517725-70ff-4a36-8113-d9ecb93b47cf Task timed out after 1.08 seconds\"}",
  "lambdaLog": "\\n{\"errorMessage\":\"2025-04-08T12:11:24.869Z 10517725-70ff-4a36-8113-d9ecb93b47cf Task timed out after 1.08 seconds\"}",
  "timestamp": 9000
}
{
  "sandboxLog": "\\n{\"errorMessage\":\"2025-04-08T12:11:25.930Z cbbb42ee-6412-4063-a13e-4acf5171a8b7 Task timed out after 1.02 seconds\"}",
  "lambdaLog": "\\n{\"errorMessage\":\"2025-04-08T12:11:25.930Z cbbb42ee-6412-4063-a13e-4acf5171a8b7 Task timed out after 1.02 seconds\"}",
  "timestamp": 9100
}
{
  "sandboxLog": "\\n{\"errorMessage\":\"2025-04-08T12:11:27.048Z 3f7dcd90-bdd8-4aa8-9587-dc1973915eff Task timed out after 1.06 seconds\"}",
  "lambdaLog": "\\n{\"errorMessage\":\"2025-04-08T12:11:27.048Z 3f7dcd90-bdd8-4aa8-9587-dc1973915eff Task timed out after 1.06 seconds\"}",
  "timestamp": 9200
}
{
  "sandboxLog": "\\n{\"errorMessage\":\"2025-04-08T12:11:28.092Z ca852412-0e21-4476-a546-903a5e726305 Task timed out after 1.00 seconds\"}",
  "lambdaLog": "\\n{\"errorMessage\":\"2025-04-08T12:11:28.092Z ca852412-0e21-4476-a546-903a5e726305 Task timed out after 1.00 seconds\"}",
  "timestamp": 9300
}
{
  "sandboxLog": "\\n{\"errorMessage\":\"2025-04-08T12:11:29.190Z 874fc646-88d9-4011-b224-cd959db1fce8 Task timed out after 1.02 seconds\"}",
  "lambdaLog": "\\n{\"errorMessage\":\"2025-04-08T12:11:29.190Z 874fc646-88d9-4011-b224-cd959db1fce8 Task timed out after 1.02 seconds\"}",
  "timestamp": 9400
}
{
  "sandboxLog": "\\n{\"errorMessage\":\"2025-04-08T12:11:30.448Z b21b0d1a-8e19-40f4-92af-3df69a1345fe Task timed out after 1.20 seconds\"}",
  "lambdaLog": "\\n{\"errorMessage\":\"2025-04-08T12:11:30.448Z b21b0d1a-8e19-40f4-92af-3df69a1345fe Task timed out after 1.20 seconds\"}",
  "timestamp": 9500
}
{
  "sandboxLog": "\\n{\"errorMessage\":\"2025-04-08T12:11:31.628Z 58bdd438-db93-4f66-9911-d05cee7e417f Task timed out after 1.14 seconds\"}",
  "lambdaLog": "\\n{\"errorMessage\":\"2025-04-08T12:11:31.628Z 58bdd438-db93-4f66-9911-d05cee7e417f Task timed out after 1.14 seconds\"}",
  "timestamp": 9600
}
{
  "sandboxLog": "\\n{\"errorMessage\":\"2025-04-08T12:11:32.928Z 7f78d0f7-98c8-4dda-87f9-5437f8624013 Task timed out after 1.26 seconds\"}",
  "lambdaLog": "\\n{\"errorMessage\":\"2025-04-08T12:11:32.928Z 7f78d0f7-98c8-4dda-87f9-5437f8624013 Task timed out after 1.26 seconds\"}",
  "timestamp": 9700
}
{
  "sandboxLog": "\\n{\"errorMessage\":\"2025-04-08T12:11:34.168Z 4fa2c363-16f7-4bc0-86dc-6f2f7326285f Task timed out after 1.20 seconds\"}",
  "lambdaLog": "\\n{\"errorMessage\":\"2025-04-08T12:11:34.168Z 4fa2c363-16f7-4bc0-86dc-6f2f7326285f Task timed out after 1.20 seconds\"}",
  "timestamp": 9800
}
{
  "sandboxLog": "\\n{\"errorMessage\":\"2025-04-08T12:11:35.229Z 1d7e6e3c-ff5c-4499-9147-fe6129223bf6 Task timed out after 1.02 seconds\"}",
  "lambdaLog": "\\n{\"errorMessage\":\"2025-04-08T12:11:35.229Z 1d7e6e3c-ff5c-4499-9147-fe6129223bf6 Task timed out after 1.02 seconds\"}",
  "timestamp": 9900
}
{
  "sandboxLog": "\\n{\"errorMessage\":\"2025-04-08T12:11:36.409Z e328fbcf-bb86-40b6-9708-aeaa488b0c75 Task timed out after 1.14 seconds\"}",
  "lambdaLog": "\\n{\"errorMessage\":\"2025-04-08T12:11:36.409Z e328fbcf-bb86-40b6-9708-aeaa488b0c75 Task timed out after 1.14 seconds\"}",
  "timestamp": 10000
}
{
  "sandboxLog": "Lambda errors have reached maximum value for submission 1ed12d1c-cc83-422b-8310-7caa7e3839cb",
  "lambdaLog": null,
  "timestamp": 86473
}



Activities log:
day;timestamp;product;bid_price_1;bid_volume_1;bid_price_2;bid_volume_2;bid_price_3;bid_volume_3;ask_price_1;ask_volume_1;ask_price_2;ask_volume_2;ask_price_3;ask_volume_3;mid_price;profit_and_loss




Trade History:
null